c:\users\carlos\documents\github\pong\pong\debug\vc141.pdb
c:\users\carlos\documents\github\pong\pong\debug\vc141.idb
c:\users\carlos\documents\github\pong\pong\debug\twall.obj
c:\users\carlos\documents\github\pong\pong\debug\tpaddle.obj
c:\users\carlos\documents\github\pong\pong\debug\tmodelserver.obj
c:\users\carlos\documents\github\pong\pong\debug\tmodelclient.obj
c:\users\carlos\documents\github\pong\pong\debug\tmodel.obj
c:\users\carlos\documents\github\pong\pong\debug\tgamescene.obj
c:\users\carlos\documents\github\pong\pong\debug\tball.obj
c:\users\carlos\documents\github\pong\pong\debug\tspritesheet.obj
c:\users\carlos\documents\github\pong\pong\debug\servernetwork.obj
c:\users\carlos\documents\github\pong\pong\debug\networkservices.obj
c:\users\carlos\documents\github\pong\pong\debug\clientnetwork.obj
c:\users\carlos\documents\github\pong\pong\debug\ttexturemanager.obj
c:\users\carlos\documents\github\pong\pong\debug\timagerendermanager.obj
c:\users\carlos\documents\github\pong\pong\debug\ttgafilereader.obj
c:\users\carlos\documents\github\pong\pong\debug\ttexture2d.obj
c:\users\carlos\documents\github\pong\pong\debug\lodepng.obj
c:\users\carlos\documents\github\pong\pong\debug\timage.obj
c:\users\carlos\documents\github\pong\pong\debug\tbitmapfont.obj
c:\users\carlos\documents\github\pong\pong\debug\tgamecontroller.obj
c:\users\carlos\documents\github\pong\debug\pong.ilk
c:\users\carlos\documents\github\pong\debug\pong.exe
c:\users\carlos\documents\github\pong\debug\pong.pdb
c:\github\pong\pong\debug\clientnetwork.obj
c:\github\pong\pong\debug\lodepng.obj
c:\github\pong\pong\debug\networkservices.obj
c:\github\pong\pong\debug\servernetwork.obj
c:\github\pong\pong\debug\tball.obj
c:\github\pong\pong\debug\tbitmapfont.obj
c:\github\pong\pong\debug\tgamecontroller.obj
c:\github\pong\pong\debug\tgamescene.obj
c:\github\pong\pong\debug\timage.obj
c:\github\pong\pong\debug\timagerendermanager.obj
c:\github\pong\pong\debug\tmodel.obj
c:\github\pong\pong\debug\tmodelclient.obj
c:\github\pong\pong\debug\tmodelserver.obj
c:\github\pong\pong\debug\tpaddle.obj
c:\github\pong\pong\debug\tspritesheet.obj
c:\github\pong\pong\debug\ttexture2d.obj
c:\github\pong\pong\debug\ttexturemanager.obj
c:\github\pong\pong\debug\ttgafilereader.obj
c:\github\pong\pong\debug\twall.obj
c:\github\pong\pong\debug\vc141.idb
c:\github\pong\pong\debug\vc141.pdb
c:\github\pong\debug\pong.pdb
c:\github\pong\debug\pong.exe
c:\github\pong\debug\pong.ilk
c:\github\pong\pong\debug\pong.tlog\cl.command.1.tlog
c:\github\pong\pong\debug\pong.tlog\cl.read.1.tlog
c:\github\pong\pong\debug\pong.tlog\cl.write.1.tlog
c:\github\pong\pong\debug\pong.tlog\link.command.1.tlog
c:\github\pong\pong\debug\pong.tlog\link.read.1.tlog
c:\github\pong\pong\debug\pong.tlog\link.write.1.tlog
