c:\users\carlos\documents\my video games\pong\pong\release\vc120.pdb
c:\users\carlos\documents\my video games\pong\pong\release\twall.obj
c:\users\carlos\documents\my video games\pong\pong\release\tpaddle.obj
c:\users\carlos\documents\my video games\pong\pong\release\tmodelserver.obj
c:\users\carlos\documents\my video games\pong\pong\release\tmodelclient.obj
c:\users\carlos\documents\my video games\pong\pong\release\tmodel.obj
c:\users\carlos\documents\my video games\pong\pong\release\tgamescene.obj
c:\users\carlos\documents\my video games\pong\pong\release\tball.obj
c:\users\carlos\documents\my video games\pong\pong\release\tspritesheet.obj
c:\users\carlos\documents\my video games\pong\pong\release\servernetwork.obj
c:\users\carlos\documents\my video games\pong\pong\release\networkservices.obj
c:\users\carlos\documents\my video games\pong\pong\release\clientnetwork.obj
c:\users\carlos\documents\my video games\pong\pong\release\ttexturemanager.obj
c:\users\carlos\documents\my video games\pong\pong\release\timagerendermanager.obj
c:\users\carlos\documents\my video games\pong\pong\release\ttgafilereader.obj
c:\users\carlos\documents\my video games\pong\pong\release\ttexture2d.obj
c:\users\carlos\documents\my video games\pong\pong\release\lodepng.obj
c:\users\carlos\documents\my video games\pong\pong\release\timage.obj
c:\users\carlos\documents\my video games\pong\pong\release\tbitmapfont.obj
c:\users\carlos\documents\my video games\pong\pong\release\tgamecontroller.obj
c:\users\carlos\documents\my video games\pong\release\pong.exe
c:\users\carlos\documents\my video games\pong\release\pong.pdb
c:\users\carlos\documents\my video games\pong\pong\release\pong.tlog\cl.command.1.tlog
c:\users\carlos\documents\my video games\pong\pong\release\pong.tlog\cl.read.1.tlog
c:\users\carlos\documents\my video games\pong\pong\release\pong.tlog\cl.write.1.tlog
c:\users\carlos\documents\my video games\pong\pong\release\pong.tlog\link.command.1.tlog
c:\users\carlos\documents\my video games\pong\pong\release\pong.tlog\link.read.1.tlog
c:\users\carlos\documents\my video games\pong\pong\release\pong.tlog\link.write.1.tlog
